{"timestamp":"2025-11-24T17:14:34.656294Z","level":"info","event":"DAG bundles loaded: dags-folder, example_dags","logger":"airflow.dag_processing.bundles.manager.DagBundlesManager","filename":"manager.py","lineno":179}
{"timestamp":"2025-11-24T17:14:34.658154Z","level":"info","event":"Filling up the DagBag from /opt/airflow/dags/raw/sales.py","logger":"airflow.models.dagbag.DagBag","filename":"dagbag.py","lineno":593}
{"timestamp":"2025-11-24T17:14:34.749131Z","level":"warning","event":"The `airflow.operators.python.PythonOperator` attribute is deprecated. Please use `'airflow.providers.standard.operators.python.PythonOperator'`.","category":"DeprecatedImportWarning","filename":"/opt/airflow/dags/raw/sales.py","lineno":2,"logger":"py.warnings"}
{"timestamp":"2025-11-24T17:14:34.779446Z","level":"info","event":"Task instance is in running state","logger":"task.stdout"}
{"timestamp":"2025-11-24T17:14:34.780191Z","level":"info","event":" Previous state of the Task instance: TaskInstanceState.QUEUED","logger":"task.stdout"}
{"timestamp":"2025-11-24T17:14:34.781112Z","level":"info","event":"Current task name:load_duckdb_task","logger":"task.stdout"}
{"timestamp":"2025-11-24T17:14:34.781903Z","level":"info","event":"Dag name:load_sales_api_to_duckdb","logger":"task.stdout"}
{"timestamp":"2025-11-24T17:14:34.957440Z","level":"error","event":"Task failed with exception","logger":"task","filename":"task_runner.py","lineno":1002,"error_detail":[{"exc_type":"TypeError","exc_value":"from_df(): incompatible function arguments. The following argument types are supported:\n    1. (self: _duckdb.DuckDBPyConnection, df: pandas.DataFrame) -> _duckdb.DuckDBPyRelation\n\nInvoked with: <_duckdb.DuckDBPyConnection object at 0x76767bc61570>,    order_id  order_date  ...                 product_name unit_price\n0      6079   1/26/2023  ...   Lemonade - Natural, 591 Ml     212.96\n1      6864  12/20/2023  ...        Tea - Honey Green Tea     145.92\n2      1144  11/23/2020  ...        Pepper - White, Whole     853.96\n3      4519   11/8/2022  ...                Lamb - Shanks     402.86\n4      9501   11/4/2023  ...      Wine - Redchard Merritt     712.15\n5      3886   7/19/2021  ...              Bok Choy - Baby     911.24\n6      7731   2/14/2022  ...       Lamb - Sausage Casings     864.14\n7      4600  10/19/2022  ...  Island Oasis - Magarita Mix     548.66\n8      1158   6/26/2023  ...             Pimento - Canned     637.25\n9      4658   5/24/2022  ...     Chicken Thigh - Bone Out      60.10\n\n[10 rows x 13 columns], 'raw_layer.sales'","exc_notes":[],"syntax_error":null,"is_cause":false,"frames":[{"filename":"/home/airflow/.local/lib/python3.12/site-packages/airflow/sdk/execution_time/task_runner.py","lineno":928,"name":"run"},{"filename":"/home/airflow/.local/lib/python3.12/site-packages/airflow/sdk/execution_time/task_runner.py","lineno":1315,"name":"_execute_task"},{"filename":"/home/airflow/.local/lib/python3.12/site-packages/airflow/sdk/bases/operator.py","lineno":416,"name":"wrapper"},{"filename":"/home/airflow/.local/lib/python3.12/site-packages/airflow/providers/standard/operators/python.py","lineno":213,"name":"execute"},{"filename":"/home/airflow/.local/lib/python3.12/site-packages/airflow/providers/standard/operators/python.py","lineno":236,"name":"execute_callable"},{"filename":"/home/airflow/.local/lib/python3.12/site-packages/airflow/sdk/execution_time/callback_runner.py","lineno":82,"name":"run"},{"filename":"/opt/airflow/dags/raw/sales.py","lineno":51,"name":"load_to_duckdb"}],"is_group":false,"exceptions":[]}]}
{"timestamp":"2025-11-24T17:14:34.965159Z","level":"info","event":"Task instance in failure state","logger":"task.stdout"}
{"timestamp":"2025-11-24T17:14:34.966889Z","level":"info","event":"Task start","logger":"task.stdout"}
{"timestamp":"2025-11-24T17:14:34.967942Z","level":"info","event":"Task:<Task(PythonOperator): load_duckdb_task>","logger":"task.stdout"}
{"timestamp":"2025-11-24T17:14:34.968743Z","level":"info","event":"Failure caused by from_df(): incompatible function arguments. The following argument types are supported:","logger":"task.stdout"}
{"timestamp":"2025-11-24T17:14:34.969805Z","level":"info","event":"    1. (self: _duckdb.DuckDBPyConnection, df: pandas.DataFrame) -> _duckdb.DuckDBPyRelation","logger":"task.stdout"}
{"timestamp":"2025-11-24T17:14:34.970364Z","level":"info","event":"","logger":"task.stdout"}
{"timestamp":"2025-11-24T17:14:34.971112Z","level":"info","event":"Invoked with: <_duckdb.DuckDBPyConnection object at 0x76767bc61570>,    order_id  order_date  ...                 product_name unit_price","logger":"task.stdout"}
{"timestamp":"2025-11-24T17:14:34.971890Z","level":"info","event":"0      6079   1/26/2023  ...   Lemonade - Natural, 591 Ml     212.96","logger":"task.stdout"}
{"timestamp":"2025-11-24T17:14:34.972629Z","level":"info","event":"1      6864  12/20/2023  ...        Tea - Honey Green Tea     145.92","logger":"task.stdout"}
{"timestamp":"2025-11-24T17:14:34.973336Z","level":"info","event":"2      1144  11/23/2020  ...        Pepper - White, Whole     853.96","logger":"task.stdout"}
{"timestamp":"2025-11-24T17:14:34.974078Z","level":"info","event":"3      4519   11/8/2022  ...                Lamb - Shanks     402.86","logger":"task.stdout"}
{"timestamp":"2025-11-24T17:14:34.974834Z","level":"info","event":"4      9501   11/4/2023  ...      Wine - Redchard Merritt     712.15","logger":"task.stdout"}
{"timestamp":"2025-11-24T17:14:34.975559Z","level":"info","event":"5      3886   7/19/2021  ...              Bok Choy - Baby     911.24","logger":"task.stdout"}
{"timestamp":"2025-11-24T17:14:34.976214Z","level":"info","event":"6      7731   2/14/2022  ...       Lamb - Sausage Casings     864.14","logger":"task.stdout"}
{"timestamp":"2025-11-24T17:14:34.976925Z","level":"info","event":"7      4600  10/19/2022  ...  Island Oasis - Magarita Mix     548.66","logger":"task.stdout"}
{"timestamp":"2025-11-24T17:14:34.977657Z","level":"info","event":"8      1158   6/26/2023  ...             Pimento - Canned     637.25","logger":"task.stdout"}
{"timestamp":"2025-11-24T17:14:34.978627Z","level":"info","event":"9      4658   5/24/2022  ...     Chicken Thigh - Bone Out      60.10","logger":"task.stdout"}
{"timestamp":"2025-11-24T17:14:34.979779Z","level":"info","event":"","logger":"task.stdout"}
{"timestamp":"2025-11-24T17:14:34.980626Z","level":"info","event":"[10 rows x 13 columns], 'raw_layer.sales'","logger":"task.stdout"}
